<?xml version="1.0" encoding="UTF-8"?>
<!-- Generated by org.testng.reporters.JUnitXMLReporter -->
<testsuite ignored="0" hostname="DESKTOP-VASIC" failures="2" tests="2" name="Test" time="0.633" errors="0" timestamp="2020-07-12T20:42:32 CEST">
  <testcase classname="cucumber.api.testng.AbstractTestNGCucumberTests" name="feature" time="0.008">
    <failure type="cucumber.runtime.CucumberException" message="Error parsing feature file Login.feature">
      <![CDATA[cucumber.runtime.CucumberException: Error parsing feature file Login.feature
at cucumber.runtime.FeatureBuilder.parse(FeatureBuilder.java:133)
at cucumber.runtime.model.CucumberFeature.loadFromFeaturePath(CucumberFeature.java:104)
at cucumber.runtime.model.CucumberFeature.load(CucumberFeature.java:54)
at cucumber.runtime.model.CucumberFeature.load(CucumberFeature.java:34)
at cucumber.runtime.RuntimeOptions.cucumberFeatures(RuntimeOptions.java:239)
at cucumber.api.testng.TestNGCucumberRunner.getFeatures(TestNGCucumberRunner.java:85)
at cucumber.api.testng.TestNGCucumberRunner.provideFeatures(TestNGCucumberRunner.java:94)
at cucumber.api.testng.AbstractTestNGCucumberTests.features(AbstractTestNGCucumberTests.java:29)
at java.base/java.util.ArrayList.forEach(ArrayList.java:1507)
Caused by: gherkin.parser.ParseError: Parse error at Login.feature:11. Found examples when expecting one of: comment, doc_string, row, scenario, scenario_outline, step, tag. (Current getState: step).
at gherkin.parser.Parser$Machine.event(Parser.java:207)
at gherkin.parser.Parser.event(Parser.java:159)
at gherkin.parser.Parser.examples(Parser.java:124)
at gherkin.lexer.En.scan(En.java:780)
at gherkin.lexer.I18nLexer.scan(I18nLexer.java:36)
at gherkin.parser.Parser.parse(Parser.java:62)
at cucumber.runtime.FeatureBuilder.parse(FeatureBuilder.java:131)
... 39 more
... Removed 31 stack frames]]>
    </failure>
  </testcase> <!-- feature -->
  <testcase classname="cucumber.api.testng.AbstractTestNGCucumberTests" name="feature" time="0.149">
    <failure type="java.lang.NullPointerException">
      <![CDATA[java.lang.NullPointerException
at resources.Base.getScreenshotPath(Base.java:68)
at Project.E2EProject.Listeners.onTestFailure(Listeners.java:57)
at java.base/java.util.ArrayList.forEach(ArrayList.java:1507)
... Removed 24 stack frames]]>
    </failure>
  </testcase> <!-- feature -->
</testsuite> <!-- Test -->
