<?xml version="1.0" encoding="UTF-8"?>
<testng-results skipped="0" failed="1" ignored="0" total="4" passed="3">
  <reporter-output>
  </reporter-output>
  <suite name="Suite" duration-ms="28034" started-at="2020-07-07T21:52:03 CEST" finished-at="2020-07-07T21:52:31 CEST">
    <groups>
    </groups>
    <test name="Test" duration-ms="12030" started-at="2020-07-07T21:52:03 CEST" finished-at="2020-07-07T21:52:15 CEST">
      <class name="Project.E2EProject.HomePage">
        <test-method status="PASS" signature="initialization()[pri:0, instance:Project.E2EProject.HomePage@35aea049]" name="initialization" is-config="true" duration-ms="4488" started-at="2020-07-07T21:52:03 CEST" finished-at="2020-07-07T21:52:08 CEST">
          <reporter-output>
          </reporter-output>
        </test-method> <!-- initialization -->
        <test-method status="PASS" signature="basePageNavigation(java.lang.String, java.lang.String, java.lang.String)[pri:0, instance:Project.E2EProject.HomePage@35aea049]" name="basePageNavigation" duration-ms="5268" started-at="2020-07-07T21:52:08 CEST" data-provider="getData" finished-at="2020-07-07T21:52:13 CEST">
          <params>
            <param index="0">
              <value>
                <![CDATA[nonrestricteduser@test.com]]>
              </value>
            </param>
            <param index="1">
              <value>
                <![CDATA[test123]]>
              </value>
            </param>
            <param index="2">
              <value>
                <![CDATA[Non-Restricted User]]>
              </value>
            </param>
          </params>
          <reporter-output>
          </reporter-output>
        </test-method> <!-- basePageNavigation -->
        <test-method status="PASS" signature="basePageNavigation(java.lang.String, java.lang.String, java.lang.String)[pri:0, instance:Project.E2EProject.HomePage@35aea049]" name="basePageNavigation" duration-ms="2088" started-at="2020-07-07T21:52:13 CEST" data-provider="getData" finished-at="2020-07-07T21:52:15 CEST">
          <params>
            <param index="0">
              <value>
                <![CDATA[restricteduser@test.com]]>
              </value>
            </param>
            <param index="1">
              <value>
                <![CDATA[test321]]>
              </value>
            </param>
            <param index="2">
              <value>
                <![CDATA[Restricted User]]>
              </value>
            </param>
          </params>
          <reporter-output>
          </reporter-output>
        </test-method> <!-- basePageNavigation -->
        <test-method status="PASS" signature="closeBrowser()[pri:0, instance:Project.E2EProject.HomePage@35aea049]" name="closeBrowser" is-config="true" duration-ms="136" started-at="2020-07-07T21:52:15 CEST" finished-at="2020-07-07T21:52:15 CEST">
          <reporter-output>
          </reporter-output>
        </test-method> <!-- closeBrowser -->
      </class> <!-- Project.E2EProject.HomePage -->
    </test> <!-- Test -->
    <test name="Test1" duration-ms="6867" started-at="2020-07-07T21:52:16 CEST" finished-at="2020-07-07T21:52:23 CEST">
      <class name="Project.E2EProject.NavigationBarPresence">
        <test-method status="PASS" signature="initialization()[pri:0, instance:Project.E2EProject.NavigationBarPresence@306e95ec]" name="initialization" is-config="true" duration-ms="6545" started-at="2020-07-07T21:52:16 CEST" finished-at="2020-07-07T21:52:22 CEST">
          <reporter-output>
          </reporter-output>
        </test-method> <!-- initialization -->
        <test-method status="PASS" signature="validateNavBar()[pri:0, instance:Project.E2EProject.NavigationBarPresence@306e95ec]" name="validateNavBar" duration-ms="90" started-at="2020-07-07T21:52:22 CEST" finished-at="2020-07-07T21:52:23 CEST">
          <reporter-output>
          </reporter-output>
        </test-method> <!-- validateNavBar -->
        <test-method status="PASS" signature="closeBrowser()[pri:0, instance:Project.E2EProject.NavigationBarPresence@306e95ec]" name="closeBrowser" is-config="true" duration-ms="231" started-at="2020-07-07T21:52:23 CEST" finished-at="2020-07-07T21:52:23 CEST">
          <reporter-output>
          </reporter-output>
        </test-method> <!-- closeBrowser -->
      </class> <!-- Project.E2EProject.NavigationBarPresence -->
    </test> <!-- Test1 -->
    <test name="Test2" duration-ms="8484" started-at="2020-07-07T21:52:23 CEST" finished-at="2020-07-07T21:52:31 CEST">
      <class name="Project.E2EProject.ValidateSectionTitle">
        <test-method status="PASS" signature="initialization()[pri:0, instance:Project.E2EProject.ValidateSectionTitle@1b2abca6]" name="initialization" is-config="true" duration-ms="7749" started-at="2020-07-07T21:52:23 CEST" finished-at="2020-07-07T21:52:31 CEST">
          <reporter-output>
          </reporter-output>
        </test-method> <!-- initialization -->
        <test-method status="FAIL" signature="validateSectionTitle()[pri:0, instance:Project.E2EProject.ValidateSectionTitle@1b2abca6]" name="validateSectionTitle" duration-ms="47" started-at="2020-07-07T21:52:31 CEST" finished-at="2020-07-07T21:52:31 CEST">
          <exception class="java.lang.AssertionError">
            <message>
              <![CDATA[expected [FEATURED COURSES111] but found [FEATURED COURSES]]]>
            </message>
            <full-stacktrace>
              <![CDATA[java.lang.AssertionError: expected [FEATURED COURSES111] but found [FEATURED COURSES]
at org.testng.Assert.fail(Assert.java:97)
at org.testng.Assert.assertEqualsImpl(Assert.java:136)
at org.testng.Assert.assertEquals(Assert.java:118)
at org.testng.Assert.assertEquals(Assert.java:575)
at org.testng.Assert.assertEquals(Assert.java:585)
at Project.E2EProject.ValidateSectionTitle.validateSectionTitle(ValidateSectionTitle.java:33)
at sun.reflect.NativeMethodAccessorImpl.invoke0(Native Method)
at sun.reflect.NativeMethodAccessorImpl.invoke(NativeMethodAccessorImpl.java:62)
at sun.reflect.DelegatingMethodAccessorImpl.invoke(DelegatingMethodAccessorImpl.java:43)
at java.lang.reflect.Method.invoke(Method.java:498)
at org.testng.internal.MethodInvocationHelper.invokeMethod(MethodInvocationHelper.java:134)
at org.testng.internal.TestInvoker.invokeMethod(TestInvoker.java:597)
at org.testng.internal.TestInvoker.invokeTestMethod(TestInvoker.java:173)
at org.testng.internal.MethodRunner.runInSequence(MethodRunner.java:46)
at org.testng.internal.TestInvoker$MethodInvocationAgent.invoke(TestInvoker.java:816)
at org.testng.internal.TestInvoker.invokeTestMethods(TestInvoker.java:146)
at org.testng.internal.TestMethodWorker.invokeTestMethods(TestMethodWorker.java:146)
at org.testng.internal.TestMethodWorker.run(TestMethodWorker.java:128)
at java.util.ArrayList.forEach(ArrayList.java:1257)
at org.testng.TestRunner.privateRun(TestRunner.java:766)
at org.testng.TestRunner.run(TestRunner.java:587)
at org.testng.SuiteRunner.runTest(SuiteRunner.java:384)
at org.testng.SuiteRunner.runSequentially(SuiteRunner.java:378)
at org.testng.SuiteRunner.privateRun(SuiteRunner.java:337)
at org.testng.SuiteRunner.run(SuiteRunner.java:286)
at org.testng.SuiteRunnerWorker.runSuite(SuiteRunnerWorker.java:53)
at org.testng.SuiteRunnerWorker.run(SuiteRunnerWorker.java:96)
at org.testng.TestNG.runSuitesSequentially(TestNG.java:1187)
at org.testng.TestNG.runSuitesLocally(TestNG.java:1109)
at org.testng.TestNG.runSuites(TestNG.java:1039)
at org.testng.TestNG.run(TestNG.java:1007)
at org.apache.maven.surefire.testng.TestNGExecutor.run(TestNGExecutor.java:284)
at org.apache.maven.surefire.testng.TestNGXmlTestSuite.execute(TestNGXmlTestSuite.java:75)
at org.apache.maven.surefire.testng.TestNGProvider.invoke(TestNGProvider.java:119)
at org.apache.maven.surefire.booter.ForkedBooter.runSuitesInProcess(ForkedBooter.java:428)
at org.apache.maven.surefire.booter.ForkedBooter.execute(ForkedBooter.java:162)
at org.apache.maven.surefire.booter.ForkedBooter.run(ForkedBooter.java:562)
at org.apache.maven.surefire.booter.ForkedBooter.main(ForkedBooter.java:548)
]]>
            </full-stacktrace>
          </exception> <!-- java.lang.AssertionError -->
          <reporter-output>
          </reporter-output>
        </test-method> <!-- validateSectionTitle -->
        <test-method status="PASS" signature="closeBrowser()[pri:0, instance:Project.E2EProject.ValidateSectionTitle@1b2abca6]" name="closeBrowser" is-config="true" duration-ms="144" started-at="2020-07-07T21:52:31 CEST" finished-at="2020-07-07T21:52:31 CEST">
          <reporter-output>
          </reporter-output>
        </test-method> <!-- closeBrowser -->
      </class> <!-- Project.E2EProject.ValidateSectionTitle -->
    </test> <!-- Test2 -->
  </suite> <!-- Suite -->
</testng-results>
